<?xml version="1.0" encoding="UTF-8" ?>
<testsuite failures="0" time="7.019" errors="0" skipped="0" tests="1" name="com.playnomics.playrm.PlaynomicsSessionTest">
  <properties>
    <property name="java.runtime.name" value="Java(TM) SE Runtime Environment"/>
    <property name="sun.boot.library.path" value="/System/Library/Java/JavaVirtualMachines/1.6.0.jdk/Contents/Libraries"/>
    <property name="java.vm.version" value="20.12-b01-434"/>
    <property name="awt.nativeDoubleBuffering" value="true"/>
    <property name="gopherProxySet" value="false"/>
    <property name="mrj.build" value="11M3909"/>
    <property name="java.vm.vendor" value="Apple Inc."/>
    <property name="java.vendor.url" value="http://www.apple.com/"/>
    <property name="path.separator" value=":"/>
    <property name="java.vm.name" value="Java HotSpot(TM) 64-Bit Server VM"/>
    <property name="file.encoding.pkg" value="sun.io"/>
    <property name="user.country" value="US"/>
    <property name="sun.java.launcher" value="SUN_STANDARD"/>
    <property name="sun.os.patch.level" value="unknown"/>
    <property name="java.vm.specification.name" value="Java Virtual Machine Specification"/>
    <property name="user.dir" value="/Users/jaredjenkins/Projects/grio/playnomics-android/PlaynomicsAndroidAnalytics"/>
    <property name="java.runtime.version" value="1.6.0_37-b06-434-11M3909"/>
    <property name="java.awt.graphicsenv" value="apple.awt.CGraphicsEnvironment"/>
    <property name="basedir" value="/Users/jaredjenkins/Projects/grio/playnomics-android/PlaynomicsAndroidAnalytics"/>
    <property name="java.endorsed.dirs" value="/System/Library/Java/JavaVirtualMachines/1.6.0.jdk/Contents/Home/lib/endorsed"/>
    <property name="os.arch" value="x86_64"/>
    <property name="surefire.real.class.path" value="/Users/jaredjenkins/Projects/grio/playnomics-android/PlaynomicsAndroidAnalytics/target/surefire/surefirebooter675860454222221030.jar"/>
    <property name="java.io.tmpdir" value="/var/folders/h6/pff9nwqd32dgjmx86_kv68_w0000gn/T/"/>
    <property name="line.separator" value="
"/>
    <property name="java.vm.specification.vendor" value="Sun Microsystems Inc."/>
    <property name="os.name" value="Mac OS X"/>
    <property name="sun.jnu.encoding" value="MacRoman"/>
    <property name="java.library.path" value="/usr/lib:.:/Library/Java/Extensions:/System/Library/Java/Extensions:/usr/lib/java"/>
    <property name="surefire.test.class.path" value="/Users/jaredjenkins/Projects/grio/playnomics-android/PlaynomicsAndroidAnalytics/target/test-classes:/Users/jaredjenkins/Projects/grio/playnomics-android/PlaynomicsAndroidAnalytics/target/classes:/Users/jaredjenkins/.m2/repository/junit/junit/4.10/junit-4.10.jar:/Users/jaredjenkins/.m2/repository/org/hamcrest/hamcrest-core/1.1/hamcrest-core-1.1.jar:/Users/jaredjenkins/.m2/repository/com/google/android/android/2.1.2/android-2.1.2.jar:/Users/jaredjenkins/.m2/repository/commons-logging/commons-logging/1.1.1/commons-logging-1.1.1.jar:/Users/jaredjenkins/.m2/repository/org/apache/httpcomponents/httpclient/4.0.1/httpclient-4.0.1.jar:/Users/jaredjenkins/.m2/repository/org/apache/httpcomponents/httpcore/4.0.1/httpcore-4.0.1.jar:/Users/jaredjenkins/.m2/repository/commons-codec/commons-codec/1.3/commons-codec-1.3.jar:/Users/jaredjenkins/.m2/repository/org/khronos/opengl-api/gl1.1-android-2.1_r1/opengl-api-gl1.1-android-2.1_r1.jar:/Users/jaredjenkins/.m2/repository/xerces/xmlParserAPIs/2.6.2/xmlParserAPIs-2.6.2.jar:/Users/jaredjenkins/.m2/repository/xpp3/xpp3/1.1.4c/xpp3-1.1.4c.jar:/Users/jaredjenkins/.m2/repository/org/json/json/20080701/json-20080701.jar:"/>
    <property name="java.specification.name" value="Java Platform API Specification"/>
    <property name="java.class.version" value="50.0"/>
    <property name="sun.management.compiler" value="HotSpot 64-Bit Tiered Compilers"/>
    <property name="os.version" value="10.8.2"/>
    <property name="http.nonProxyHosts" value="local|*.local|169.254/16|*.169.254/16"/>
    <property name="user.home" value="/Users/jaredjenkins"/>
    <property name="user.timezone" value="America/Los_Angeles"/>
    <property name="java.awt.printerjob" value="apple.awt.CPrinterJob"/>
    <property name="java.specification.version" value="1.6"/>
    <property name="file.encoding" value="MacRoman"/>
    <property name="user.name" value="jaredjenkins"/>
    <property name="java.class.path" value="/Users/jaredjenkins/Projects/grio/playnomics-android/PlaynomicsAndroidAnalytics/target/test-classes:/Users/jaredjenkins/Projects/grio/playnomics-android/PlaynomicsAndroidAnalytics/target/classes:/Users/jaredjenkins/.m2/repository/junit/junit/4.10/junit-4.10.jar:/Users/jaredjenkins/.m2/repository/org/hamcrest/hamcrest-core/1.1/hamcrest-core-1.1.jar:/Users/jaredjenkins/.m2/repository/com/google/android/android/2.1.2/android-2.1.2.jar:/Users/jaredjenkins/.m2/repository/commons-logging/commons-logging/1.1.1/commons-logging-1.1.1.jar:/Users/jaredjenkins/.m2/repository/org/apache/httpcomponents/httpclient/4.0.1/httpclient-4.0.1.jar:/Users/jaredjenkins/.m2/repository/org/apache/httpcomponents/httpcore/4.0.1/httpcore-4.0.1.jar:/Users/jaredjenkins/.m2/repository/commons-codec/commons-codec/1.3/commons-codec-1.3.jar:/Users/jaredjenkins/.m2/repository/org/khronos/opengl-api/gl1.1-android-2.1_r1/opengl-api-gl1.1-android-2.1_r1.jar:/Users/jaredjenkins/.m2/repository/xerces/xmlParserAPIs/2.6.2/xmlParserAPIs-2.6.2.jar:/Users/jaredjenkins/.m2/repository/xpp3/xpp3/1.1.4c/xpp3-1.1.4c.jar:/Users/jaredjenkins/.m2/repository/org/json/json/20080701/json-20080701.jar:"/>
    <property name="java.vm.specification.version" value="1.0"/>
    <property name="sun.arch.data.model" value="64"/>
    <property name="java.home" value="/System/Library/Java/JavaVirtualMachines/1.6.0.jdk/Contents/Home"/>
    <property name="sun.java.command" value="/Users/jaredjenkins/Projects/grio/playnomics-android/PlaynomicsAndroidAnalytics/target/surefire/surefirebooter675860454222221030.jar /Users/jaredjenkins/Projects/grio/playnomics-android/PlaynomicsAndroidAnalytics/target/surefire/surefire4313731004079227146tmp /Users/jaredjenkins/Projects/grio/playnomics-android/PlaynomicsAndroidAnalytics/target/surefire/surefire8594553886668595540tmp"/>
    <property name="java.specification.vendor" value="Sun Microsystems Inc."/>
    <property name="user.language" value="en"/>
    <property name="awt.toolkit" value="apple.awt.CToolkit"/>
    <property name="java.vm.info" value="mixed mode"/>
    <property name="java.version" value="1.6.0_37"/>
    <property name="java.ext.dirs" value="/Library/Java/Extensions:/System/Library/Java/Extensions:/System/Library/Java/JavaVirtualMachines/1.6.0.jdk/Contents/Home/lib/ext"/>
    <property name="sun.boot.class.path" value="/System/Library/Java/JavaVirtualMachines/1.6.0.jdk/Contents/Classes/jsfd.jar:/System/Library/Java/JavaVirtualMachines/1.6.0.jdk/Contents/Classes/classes.jar:/System/Library/Frameworks/JavaVM.framework/Frameworks/JavaRuntimeSupport.framework/Resources/Java/JavaRuntimeSupport.jar:/System/Library/Java/JavaVirtualMachines/1.6.0.jdk/Contents/Classes/ui.jar:/System/Library/Java/JavaVirtualMachines/1.6.0.jdk/Contents/Classes/laf.jar:/System/Library/Java/JavaVirtualMachines/1.6.0.jdk/Contents/Classes/sunrsasign.jar:/System/Library/Java/JavaVirtualMachines/1.6.0.jdk/Contents/Classes/jsse.jar:/System/Library/Java/JavaVirtualMachines/1.6.0.jdk/Contents/Classes/jce.jar:/System/Library/Java/JavaVirtualMachines/1.6.0.jdk/Contents/Classes/charsets.jar"/>
    <property name="java.vendor" value="Apple Inc."/>
    <property name="localRepository" value="/Users/jaredjenkins/.m2/repository"/>
    <property name="file.separator" value="/"/>
    <property name="java.vendor.url.bug" value="http://bugreport.apple.com/"/>
    <property name="sun.cpu.endian" value="little"/>
    <property name="sun.io.unicode.encoding" value="UnicodeLittle"/>
    <property name="mrj.version" value="1070.1.6.0_37-434"/>
    <property name="socksNonProxyHosts" value="local|*.local|169.254/16|*.169.254/16"/>
    <property name="ftp.nonProxyHosts" value="local|*.local|169.254/16|*.169.254/16"/>
    <property name="sun.cpu.isalist" value=""/>
  </properties>
  <testcase time="6.969" classname="com.playnomics.playrm.PlaynomicsSessionTest" name="testEvents"/>
</testsuite>